\BOOKMARK [0][-]{chapter.1}{Einleitung}{}% 1
\BOOKMARK [0][-]{chapter.2}{BLAS}{}% 2
\BOOKMARK [1][-]{section.2.1}{Datenstruktur f\374r Matrizen}{chapter.2}% 3
\BOOKMARK [1][-]{section.2.2}{Einige BLAS-Routinen}{chapter.2}% 4
\BOOKMARK [2][-]{subsection.2.2.1}{Matrix-Matrix Produkt \(gemm\)}{section.2.2}% 5
\BOOKMARK [2][-]{subsection.2.2.2}{Matrix-Vektor Produkt \(gemv\)}{section.2.2}% 6
\BOOKMARK [2][-]{subsection.2.2.3}{Rank1 update \(ger\)}{section.2.2}% 7
\BOOKMARK [2][-]{subsection.2.2.4}{Matrix-Matrix Produkt \(trmm\)}{section.2.2}% 8
\BOOKMARK [2][-]{subsection.2.2.5}{Matrix-Vektor Produkt \(trmv\)}{section.2.2}% 9
\BOOKMARK [0][-]{chapter.3}{QR-Zerlegung}{}% 10
\BOOKMARK [1][-]{section.3.1}{Definition}{chapter.3}% 11
\BOOKMARK [2][-]{subsection.3.1.1}{Beispiel f\374r eine Anwednung}{section.3.1}% 12
\BOOKMARK [1][-]{section.3.2}{Householder-Transformation}{chapter.3}% 13
\BOOKMARK [2][-]{subsection.3.2.1}{Householder Vector}{section.3.2}% 14
\BOOKMARK [2][-]{subsection.3.2.2}{Householder-Transformation anwenden}{section.3.2}% 15
\BOOKMARK [2][-]{subsection.3.2.3}{QR-Zerlegung mittels Housholder-Transformationen}{section.3.2}% 16
\BOOKMARK [1][-]{section.3.3}{Geblockte QR-Zerlegung}{chapter.3}% 17
\BOOKMARK [2][-]{subsection.3.3.1}{Berechnung der Matrix T}{section.3.3}% 18
\BOOKMARK [2][-]{subsection.3.3.2}{Anwenden von I - VTVT}{section.3.3}% 19
\BOOKMARK [0][-]{chapter.4}{Implementierung und Benchmarks}{}% 20
\BOOKMARK [1][-]{section.4.1}{Bibliothek}{chapter.4}% 21
\BOOKMARK [2][-]{subsection.4.1.1}{Algorithmus}{section.4.1}% 22
\BOOKMARK [1][-]{section.4.2}{Aufwand}{chapter.4}% 23
\BOOKMARK [2][-]{subsection.4.2.1}{FLOPS}{section.4.2}% 24
\BOOKMARK [1][-]{section.4.3}{Fehlersch\344tzer}{chapter.4}% 25
\BOOKMARK [1][-]{section.4.4}{Benchmarks}{chapter.4}% 26
\BOOKMARK [2][-]{subsection.4.4.1}{Test System}{section.4.4}% 27
\BOOKMARK [0][-]{appendix.A}{Block Reflector}{}% 28
\BOOKMARK [0][-]{chapter*.11}{Literaturverzeichnis}{}% 29
